badcodes/c.git:
2e7afa5f0c110bffa254b2e24a5d7077bd44214b Add project MPSHELL.
05f56324d1c969bc7f450dce964fd5e38b31c118 Add project HDSTART.
85d1ae9fee37b636a1b1ef9bb5949d8b4520cbc5 Add project whello.
c2040a681670bae93a7e003a41e9b85c9c8de891 Add codeblock files for project zcmd.
b7e45c823035c926672d3cba7bc6214aea8ebaf2 Update project xrzlib.

badcodes/cpp.git:
b91bc39c541d05c36bfb6210f9908a24867d5ca5 [cpp] initial commit

badcodes/devcpp.git:
602e0c1e211c58a87fc00835cf4ceec24232ce9b Initial commit.

badcodes/eclipse.git:
0a5c272541b6a6b080d3cd17109c990186a153ec Initial commit.

badcodes/freebasic.git:
8548f1e72ad0eac797f6d57f207f8676e46da47d update git config files, add README
bf33816478dab95967aaf37d69309165ccf6db54 update gitconfig, README
a2d01ccc8cc0873e1cceafd6540b854bc1bc3f73 delete exe files, add README
7c56685943426e4e847d65b7e29d4179ea46b632 initial import
82dd75f1d4ec5719adc3191804e5186132dd7574 Initial directory structure.

badcodes/makefiles.git:
d07f2a92fe9ea3c02f942549b4661eb0211d4513 Initial commit

badcodes/vb6.git:
001a04065c2a2ff24bc611fcc47c3d53c61665bf Fix files mode.
8343d022b083a32c1e8474475ad7b5465cb511d2 cleanup, update sslibExplorer, add Fac
7cc492c052b344402fb0f28bacab898065eaf201 delete useless files
47040d25ce5da20bd8d589bd892e38bd6457436c initial import

badcodes/vc6.git:
0c11d7a81197793e1106c8dd3e7ec6b097a68248 Add project MPSHELL.
fd8cd575ae87446254d45ca9407d2569c7e96b83 Update project HDSTART.
c5d3da68f6be92d093668c84473aa22b94e6bddc Initial commit.

badcodes/vsnet.git:
6306c9f92ec470cc204fbdaa873118072303a5fc Add project FormFiller.
9ca551b6428cd76feaec7bf5c04fb27080551e53 Initial commit.

badluck.git:
da4e10151f7bcda733c89d84bffad9797af2d0e7 update README
d9f1b02493daa03125aa8a2496f329d8746152d0 initial import

excs/learningperl.git:
4f272ffee3008d9f59b42e356788f5fc416fa7f6 Initial commit.

libmyplace-perl.git:
a985e65dd3d4fe3131d2601b157bc544ea6d5cb0 Update Script::Usage.
915ad8b481cf7e3ee34eb7e407cf806840b97f4a Fix Reposman::Projects::query_repos().
875c80e2ee278c214a97aab7393df2e7cc85690c Add Reposman::Projects.
1f1af0bd3d13faa8c69737eb7d0dcedeb4d1b31b Update IniExt.pm, from reposman.
54874aafe4ecd4958d277ac8c304f7a7cc5f6f38 Update Google::Search::HTML.

losep/core.git:
c61dfd049b5201d6f19cdb4e7c6ca67310cd235d Update vim scripts to match version 7.3.
eda8e88fbc6edd578886f375454984efdfacccd8 Update sbin and cmd.
d12af7845a7cf3af0e2d69a3719a68f9315c6fdf Update Shell.ps1, cmd*.ps1 and cmd/firefox.ps1.
7dc1789435ad86115e135d0bdcc8c3265eef2f54 Update start.bat.
c02a57441a87ab8ee841b391190fb8fafdb8b59d Update Shell.ps1, Add cygwin.ps1.

losep/losebox.git:
4648b0a31ddd14b215c44691cb2f6c18511403c7 initial commit, from loseplace revision r5
18bcfa0186556cce06bb4e2dfd30e30b235ced4d initial directory structure.

losep/mini.git:
c228da7d7b819df94156693b7b06a119c3f6c42a Remove and ReAdd firefox profiles submodule.
4f8fc82171ebec5438f0d229b800196a41f3ddd1 Add powershell autoinit files, Update core.
592a25863a9e5f23f910241a4dfbbd14f7334431 Update start.bat.
591245a539fb89fadb31d54350e4b243c218efcb Update start.bat for using PowerShell.
88c22a6c41a0c4494df1be278e3c1a7c89f51292 Update submodules.

losep/thinapp.git:
e61ea1b39752be46c18e474e75185f470dce1836 Initial commit.

losep.git:
8e5e552489e4b73cc1bc2369030bb15ebb12a0dd sub-module data/linux/public_profile updated.
60641c13f91ee5fcac6ee199ea976f29b4b90279 Add reposman query entry ".reposman".
554187aeadc9af3af6c1a34f3bc1e574d6a60064 Re-add data/linux/xiaoranzzz.
83239670e5bc8c4c84a1c35f8feb25f205e25f61 Add cmd/edit-hosts.bat, Update commands cygwin.bat and totalcmd.bat.
0b4e98c37216646b2ebdae3e954154eb16b58420 Add data/console2, update cmd/console2.bat.

nightgun.git:
7e10000b376b17e70d598fa84c8630e08f5c0350 added .repos, config file for gsvn-init-repo
7361bff89b5cbab2e22d4be3de096b1b50e7934c update README
c3c73457965a2fb2b0b379faf9640a66c19a5433 add git related files
865322e569346db3c38ab8e0f21079d93b38a499 update desktop file
c21cd6e88e12edb2500a3af67c46015203e2f452 source clean up

plaintexts/notes.git:
1a2b3fa9bad83e3c984864e9a1e528e88c780577 Initial commit.

plaintexts/texts.git:
3079105c63ac41eede85985ad1ac67970fe8fcbb added .repos, config file for gsvn-init-repo
4d5dc4c97e52f025c81765d0c7791ed8f1ddb57a update README
a8fd3a72fcb049fbb179c810dbb46e9107ff55a2 add README, update .gitconfig
f32ac11bd8910a4ebeda1675e3706be68c828432 add README
c98c79ac9ee70bda4ff67f24d6493fbf50f01b14 add articles for git-svn

plaintexts/webpages.git:
06c27bb1c793a2fe4420c61913062a6f6ac631f6 created index page
fc88a9eff41b51606dc026f0ee35455888968ee3 initial directory structure

prints/drawings.git:
63ff6562d6256c12c16865357f2dbfc1962d1820 initial commit

prints/ebooks.git:
a8c3d039b97c964ee519867a7f16eb64ea87d562 added .repos, config file for gsvn-init-repo
9b3565870bc175252db9b29c9aa8110a55c298e1 update README
74363a62eadad6bc4614861b63f64e886fae52d0 add README
c3d35fce0cad6401ca7673556f605d8f87478181 initial import
82484c53e16593921ce6b9d8718e71715c1b14e5 Initial directory structure.

privepo/.git:
fbdf3454003b37a244a37cae71e22cb65360d918 Add reposotory "linux", add .reposman.
79b8fc16f1caf32bfc200a08a8687a89a4ca1a8d Add submodules.
34cd588e5d53767861ac753f74f3dcd4d698097a Update scripts.
4075079550e4c2d5a86a5036b17400d844157b99 Update commit.sh and genlog.pl.
abb970c31519318de2ef58fc09323ff3640f282d added script svndump.pl

privepo/avatars/.git:
d5671bfa7a9d87fb83d14a374422eb03c4f24a44 Update git/config.
bf496200c91d83ecc91e9ce0a85d2fb32abf8adf Update git/config.
1ae240164d1d87d5295ba625f16be3f2d9cc676f AVATARS [GIT] commit 2fab0b85: Add avatars for afun, eotect and xrlfun.

privepo/babebase/.git:
daec8b4acbe52e6ad3efd94ffc8c80f776b75414 BABEBASE [GIT] commit 6a22fb19: Update moko.cc.
b7e2b90cdaf423e62f396037e227dba550fe9880 Update git/config.
93f47536ec2170d751fa5ac4b885cfaa45b58600 BABEBASE [GIT] commit a6558344: Update HOST.URL.
6f8d9ba26823e686a22e185e600a3402b6b25967 BABEBASE [SVN] r60: updated database BEAUTY [GIT] commit a6558344: Update HOST.URL.
571ad243aa942ebeeb8831372dd82d5488e0cdc4 BABEBASE [SVN] r60 [GIT] commit c9776c2e: updated database BEAUTY

privepo/empty.git:
b8325601d2a766e5620e6763cfc705d52d979675 initial import

privepo/foxwps/.git:
56d441ba4cab0236d4573b16c9f58ac05c1ce411 Update git/config.
062f60a443aef2bc39cc75ebfb53d5efdeebf24d FOXWPS [GIT] commit c2e42758: 数据录入到20110831, 导入逐月数据。
55f308b387065429de6b5d5f9273891f35d712a0 Initial commit.

privepo/gm-scripts/.git:
c313ba362b090a363bb96b873d9320ed338dee1f GM-SCRIPTS [GIT] commit bbe23fc2: Update imagealbumpanel.
0ddde828a1554530cc92fb1e84fc6a8d559ebf44 GM-SCRIPTS [GIT] commit 58eb8325: Update imagealbumpanel, parts of code moved to data_miner.js.
6556392e166fac3536d85745afe84ece2a7104b2 GM-SCRIPTS [GIT] commit 45a45788: Eotect Global Panel, Google_Mod, Image Album Panel, and Links Navigator Updated.
bfc974c97a575715bc985384defaf51257ac9a90 GM-SCRIPTS [GIT] commit a8f05bb3: Add .reposman.
8dcc7270e714f149efb659e742095cc45d7270fe Add .reposman.

privepo/gsbridge/.git:
08c3d1540fc0d38fd50ac2dbdbdcd81263698e28 GSBRIDGE [GIT] commit b097d64e: added project entries for vcsplace and github-sync
c4d79a80f6783a63bd6a64ad0a38c20375c7ceb1 GSBRIDGE [GIT] commit ef187690: deleted README
24fe90e8cfb795de642d9081f762ccb6127f5c03 GSBRIDGE [SVN] r47 [GIT] commit ef187690: deleted README
77bd0058995456c448af6a1a40934f5779a35667 GSBRIDGE [SVN] r47 [GIT] commit ef187690: deleted README
a7b78cff7a5414e479b3550c90be10fcc3b6f724 GSBRIDGE [SVN] r45 [GIT] commit 23156d68: updated projects data

privepo/linux/.git:
313f56021e4fe608d394514a247d264344104b51 Add repo.log.
8af77706da9dcc7269a3d160c21de11222dbf26e LINUX [GIT] commit 4d803191: Update fstab, apt configuration and sudoers.
b5bfb5a22109c203a9ae5e81abe028369f0cc8c1 Initial commit.

privepo/privacy/.git:
869a8f783981fa18c2c1e4944c16fb37b15686a0 Update git/config.
49f40d10627d917e153aaab24510d4552cc86404 PRIVACY [GIT] commit 0546f601: Add feeds, Update bookmarks.
b8d299f1e7f51cb7015bd8ff04a1e7c271049bfa Initial commit.

privepo/root.git:
fbdf3454003b37a244a37cae71e22cb65360d918 Add reposotory "linux", add .reposman.
79b8fc16f1caf32bfc200a08a8687a89a4ca1a8d Add submodules.
34cd588e5d53767861ac753f74f3dcd4d698097a Update scripts.
4075079550e4c2d5a86a5036b17400d844157b99 Update commit.sh and genlog.pl.
abb970c31519318de2ef58fc09323ff3640f282d added script svndump.pl

profs/config-awesome.git:
5e3a3885ac671a801b4add53be631492049d01a6 Initial commit.

profs/firefox.git:
efb1df4df2cabcb4b3ae65972d416126d5c47691 Update sub-modules: websaver2, gm_scripts and tombloo.
6ce0b1c12cc06e1273d335368b14da956f490b9d Add .deeplink.pl
5dbafc38025f329c738b8ab9a4000c2989a5b498 Update extensions.*.
7c8bd444e71441ba728476366780be3e4087b048 Update extensions 20111215.
d41469b82c80b58bbf3b5dae2b524ee1ca9566a3 Update searchplugins.

profs/google-chrome/eotect.git:
0a6d3253e16a6403a525c8ed2fa86882f24cb8cb Update extensions and preferences.
01145a7a3acba53565ce641774ae09559f213270 Update 2011/3/15.
f36c0e042b56bdd97cb61591e0c839e702b9f875 Downgrade application and data to V10.
11205e8af1cbdb2b89d22bc8cb7dbcaa34d77749 Update form_filler script for reg.mail.163.com.
249fa6f809e74ca40b80187450cbc26da978b66e Update auto form filler script.

profs/google-chrome/fun.git:
b899ae40a117a6e1b4d2fbe378f8adf784c9a433 profile clean up.
1d02abaa6d0ee1ec250bbfe48a20d8a5aeb90841 Initial commit.

profs/google-chrome/xiaoranzzz.git:
d628e75251ece2f6f7d1ff1dc62b86cd07760c7b Update preferences.
1d02abaa6d0ee1ec250bbfe48a20d8a5aeb90841 Initial commit.

profs/homebase.git:
5c9c994412419916c3eced298d7b22f5c60c28f3 Update mc/bindings, .gitignore.
51a6d052f9b09aba046df21214b7c9376445b9f3 Correct PERL5LIB exporting.
3134d5837ab0f1e75afa376fc90b82e8b4a3fe2a Update bashrc.
42af0b5ec814df181102b84a165189d89117b9b7 Update config/awesome.
dbf01f26ba366662104cecf49e0e8d631b5b1bf8 Cleanup unless files.

profs/mails.git:
47e83d161b043a62e75a7d4e5d03a35880631841 Update in 20110320.
10c52207c85e5f94b0c45aa0289481d964cd48db Daily update at 20110307.
4804187324f4ae1daa96a599f5632f072a620f63 Daily update 20110227.
6eb7c8ba5ed94ade902696e11344831edfbd0ec2 Update mails 20100226 14:54.
71a50c0682d05b3d7c9bf7df4679c92abeeb9d48 Update data 20110225.

profs/users/xiaoranzzz.git:
4df9907771f843bb069efd53dc8b619e9158d8b1 Remove .pulse.
5e19adf13f4535fc5a4d3d95198f0141147c35b7 Initial commit.

repos.git:
1c4fd04c68380ce5548912d485eb69d419975014 Update gm-scripts, reposman, perl and sh.
417b58083769695f9f81b3b3fe4ffcf657ae09b1 Update gm-scripts, firefox, websaver2 and tombloo-data.
ffabab764f63af32722a92e63e2c7f0f48a4a616 Update git-repos.log.
f6cb6a6d8935deda0258e0eba368b674785bf5be Update sync-repos.log.
4042a8b280c7490ecbd1ac2ebef73a7a1384b65a Move loseplace to losep, Update PROJECTS.

reposman.git:
995b7c1c283e91bb42b924863db675c0eecb0436 Update install script.
0e8193ddba3840c24333bea2d34f49a779102955 Remove .PROJECTS, read ~/.reposman/PROJECTS instead.
25320798f8a1ed2c6bcbdea9375834a3bfc800c1 Fix ~/.reposman/PROJECTS to $ENV{HOME}/...
4c344300b369962fe0c053373a08263c4ffcbd53 Add action "reset-target"
4eeead56c979a6d487f196d3468525898f5fe0fd Update reposman.pl, for reading ./.reposman as quering definition.

scriptlib/batch.git:
cb455189784f20cbd7a35ee819036aed024ce293 initial commit
3de553c29652604f3e4fa12e36f4852d2d8d5c42 initial directory layout

scriptlib/logo.git:
cf35ee3142a44b5079c105ac58d048d5f535bfd3 Initial commit

scriptlib/lua.git:
889c53e2205e49338574b09b4cebad2dbbbbb513 Initial commit.

scriptlib/perl.git:
e1368c524d92e19e9f9c9a3f8a30140cf1a77cc8 Update r-config, deep_link.pl.
7be9a53be71adc1a802301d6d0dcb22df999804a Update renameext, reposman.
689c6d8bedcd7cb785ce939f276abe229c66dfcc Update reposman, v2.200.
cfd97820a9c7fa101a4f03eb49bb992f613c2d69 Add git-config-binary.pl
9e5ea60cce2b0ae8f0952dfa001354cbb8750949 Fix bug git-repos-exec.

scriptlib/sh.git:
a51aa67b44f5c1d78a69ed23f7b95f1e3ad31a1b Add r-at-rtorrent, r-firefox-afun
d5929dc50724361ee1d15b2fe41c052cd5899aa4 Add script chmod_reset.
dab8b4b5396eb0048dd3f03211c76beaa915f50c updated script "myphone"
8f034c839689139137791e60a3fd5f97085da741 rename git-svn-clone-googlecode to gsvn-clone-googlecode
a42178044a4d67a210658db40ca36163c80a03da added scripts 7z-store, raysource and thunder. updated scripts r-edit and shnew

scriptlib/wscript.git:
b0bb735d00ec8f9385cf4afc3b4e6b17ce46962b Add script get_rand_mail.
6602d3253fc27420cad404af63c673bdc0ed232e Initial commit.

usys/sysbuilder.git:
cd34e291324ab1ace552d27bda128fbe28ba559d Fix files mode and pathname.
bfa3c2b56dbbaede3b0030599d3b20560f400e56 Initial commit.

usys/toolbox.git:
6afcdd7cb50d664be031f7555463d2decec9a9f3 Add mbr tools.
5d61b650dcc0db9308930b27f3dbece45d49c07a Initial commit.

usys/utils.git:
b50571bac2d2a75277df7e84ca12ad3df0dce91e Add MaxDos.
0b79bcdc41878ccbe427e7208e6d2ffc32677cee Initial commit.

usys/xrdos.git:
80069ca1ea2f44758b913443251e3a1ba716cdbc Initial commit.

usys.git:
942bcca2980f7de518cb98c50ac9798d96d656e7 Add BOOTFONT.BIN to files root.
6659b07abe64da17f58d82325516d3faea2c91ec Add large floppy disk image for my toolbox.
e80887d2670b2bc26516daf9938e7d4b830c0a5d Compress bootdisk images, update menus.
ba75ebeccede896b584df34bd9fda3b5ae6dc6df Update grub4dos, menus. Add hiren's bootcd v13.1.
1e3c3c42980ff30f551fbbea0d024fb39dfab13f Move files to "files/".

utils.git:
60264daa78d4b84b626a4e92602f5f41563ead94 [marksix] added script for downloading data pages
27eefd8892e387bba32c7b07a5f52a4c958416c5 added .repos, config file for gsvn-init-repo
d85997ab1d861d7ab155787ce67aa1549623893a initial import
1538c2a2fbad020c6c094f487b9fe2ed8f54af68 Initial directory structure.

vcsplace/github-sync.git:
49001f10f3c909e93282a464685b51038cc04704 [update_repolist.pl] added "vcsplace" as default project
45ed4d61ba1b5b4a8e65ec39292b94624e55f7ee github-sync initial commit
c542d7328056935123169d11de685156179d6e6a github-sync initial directory layout

vcsplace/ws.git:
0bef4c0b1b7713a3884736c9fa4a4f2471df45c3 Update .gitignore.
3ea0ed3ca7ff40092a5374fa59cd862608285d57 Update "checkout.win"
3268ae6e9f69be618b9efa45469986493891a3e7 Update checkout scripts.
7c121497e795485df4f3b6c0aa0d1adba11e66de Add script "checkout.win".
a28a53c84303c01829bb7dffc799565cd72aea78 Delete symbol-link reposman, update .gitignore.

websaver2.git:
256327da8d350890e6fbcfd01d92565d763c7a13 Update install.rdf.
628971d16ad65951cee31fc610f6435a66f3c944 Update install.rdf to match Firefox version 4.
6591ab88f6ae6b96164d4af800cfe18c4ad52e65 fixed bug found from cataedit3.js,function addCatalog(), which open an old catalog editor instead of the new
78dc69a059798398dc985a35ead8b44c30cef628 update dbopFS.js, move useless files to unused
03f6848226727e2cd9f60c5159742233287810a9 add .repos, update topicedit.js

webscrap/css.git:
bbda354bc2bcf1407f5c547915c6f3a9786388b1 Initial commit

webscrap/editplaces.git:
e260db4afccafa999ed607a1800a7bd983c21369 Fix stylesheet naming.
79735b291734d06fd9baa1e3d59599734c66cd73 Enchance deleteduplicates.
2dc6495e9229382c17bbee4b2424fcce53045893 Rename "*checktplaces*" as "*editplaces*".
5a705c83f82b53a2a8580217d8af146537fbc07c Replace "checkplaces" as "editplaces".
354d6b97b9c6fbd4fec63e1761ed4d20b7d1247d Initial commit.

webscrap/htmlscripts.git:
0c9778ad58a99bd2725e81dcd539e485d5d69987 Initial commit.

webscrap/http-myplace.git:
ed747f127f3a3846da268ce87967dee494c6f422 initial commit

webscrap/templates.git:
d66e448f79afd9bfa28bf46ec9e2305cd296845c Initial commit.

webscrap/tombloo-data.git:
6678148863900bc16be1a58ce07914e283c9c519 Add model_misc.
cb65c2ee1fd59bb17d5cdb8aeb728e470972254b Update models common, 115, baidu, delicious, firefox, ikeepu, youdao, zootool and clipp. Add misc model.
471ba6f9bc6d52ab754fa8d4d6d96a5110435655 Add video posting support for ikeepu, tumblr and clipp.
8b7332575c2d991257caafc0f9f2deed23e77742 Remove debug routines.
ae8d6535add42cd807044ed1481ac5e8b1eb1369 Update model for firefox bookmark.

webscrap/tombloo.git:
7304c2b6dbf03b34c98b5bd78d51d9272306ad18 Merge remote-tracking branch 'github2/master'
4f0ceea8ef01cb75b7cfb94bff1fa9d91f2204e8 Delicious、タグ取得とブックマーク済み判定を修正
970dc87e6659d9e64e3b3791ebd40f36fd3ae93c typo
98f258bc18069e5003891a02086a4d57f340cea0 Tombloo 0.4.24(新Delicious対応/Pinboard追加/ほかHTML引用などの修正)
5da8211ac2ee3732e28c25ca871b7e6756c208b9 Delicious、ユーザー名の取得をクッキーの_userを使わないように(ブラウザ再起動で消える)

